Removed Pin From Net: NetName=PA2 Pin=U1A-12
Removed Pin From Net: NetName=PA3 Pin=U1A-13
Removed Pin From Net: NetName=PA4 Pin=U1A-14
Removed Pin From Net: NetName=SCL Pin=U1A-21
Removed Pin From Net: NetName=SDA Pin=U1A-22
Removed Pin From Net: NetName=USB-D- Pin=U1A-32
Removed Pin From Net: NetName=USB-D+ Pin=U1A-33
Removed Pin From Net: NetName=GND Pin=U1A-45
Removed Pin From Net: NetName=NetD8_1 Pin=U1A-46
Removed Pin From Net: NetName=GND Pin=U1B-8
Removed Pin From Net: NetName=+5 Pin=U1B-9
Removed Pin From Net: NetName=GND Pin=U1B-23
Removed Pin From Net: NetName=+5 Pin=U1B-24
Removed Pin From Net: NetName=GND Pin=U1B-35
Removed Pin From Net: NetName=+5 Pin=U1B-36
Removed Pin From Net: NetName=GND Pin=U1B-47
Removed Pin From Net: NetName=+5 Pin=U1B-48
Removed Member From Class: ClassName=Sheet1 Member=U1A
Removed Member From Class: ClassName=Sheet1 Member=U1B
Change Component Footprint: Designator=U? Old Footprint=QFP50P1200X1200X160-64N New Footprint=QFP50P900X900X160-48N
Change Component Comment : Designator=U? Old Comment=STM32F103RCT6 New Comment=STM32F103C8T6
Change component parameters: Designator = "U?" ("U?"); Footprint = "QFP50P1200X1200X160-64N"; UniqueID = "\SXZZJQIT" ("\SXZZJQIT")
Change component parameters (AddParameter): Name = "Check_prices"; Value = "https://www.snapeda.com/parts/STM32F103C8T6/STMicroelectronics/view-part/?ref=eda"; VariantName = "[No Variations]"
Change component parameters (AddParameter): Name = "MF"; Value = "STMicroelectronics"; VariantName = "[No Variations]"
Change component parameters (AddParameter): Name = "MP"; Value = "STM32F103C8T6"; VariantName = "[No Variations]"
Change component parameters (AddParameter): Name = "Package"; Value = "LQFP-48 STMicroelectronics"; VariantName = "[No Variations]"
Change component parameters (AddParameter): Name = "SnapEDA_Link"; Value = "https://www.snapeda.com/parts/STM32F103C8T6/STMicroelectronics/view-part/?ref=snap"; VariantName = "[No Variations]"
Change component parameters (AddParameter): Name = "Value"; Value = ""; VariantName = "[No Variations]"
Added Pin To Net: NetName=PA2 Pin=U?-12
Added Pin To Net: NetName=PA3 Pin=U?-13
Added Pin To Net: NetName=PA4 Pin=U?-14
Added Pin To Net: NetName=SCL Pin=U?-21
Added Pin To Net: NetName=SDA Pin=U?-22
Added Pin To Net: NetName=USB-D- Pin=U?-32
Added Pin To Net: NetName=USB-D+ Pin=U?-33
Added Pin To Net: NetName=GND Pin=U?-45
Added Pin To Net: NetName=NetD8_1 Pin=U?-46
Added Pin To Net: NetName=echo Pin=U3-3
Added Pin To Net: NetName=echo Pin=U?-29
Added Net: Name=echo
Added Pin To Net: NetName=trig Pin=U3-2
Added Pin To Net: NetName=trig Pin=U?-30
Added Net: Name=trig
Add Differential Pair: Number of nets in differential pair USB-D+ is 1 instead of 2
