Removed Pin From Net: NetName=GND Pin=U?-8
Removed Pin From Net: NetName=+5 Pin=U?-9
Removed Pin From Net: NetName=PA2 Pin=U?-12
Removed Pin From Net: NetName=PA3 Pin=U?-13
Removed Pin From Net: NetName=PA4 Pin=U?-14
Removed Pin From Net: NetName=SCL Pin=U?-21
Removed Pin From Net: NetName=SDA Pin=U?-22
Removed Pin From Net: NetName=GND Pin=U?-23
Removed Pin From Net: NetName=+5 Pin=U?-24
Removed Pin From Net: NetName=echo Pin=U?-29
Removed Pin From Net: NetName=trig Pin=U?-30
Removed Pin From Net: NetName=USB-D- Pin=U?-32
Removed Pin From Net: NetName=USB-D+ Pin=U?-33
Removed Pin From Net: NetName=GND Pin=U?-35
Removed Pin From Net: NetName=+5 Pin=U?-36
Removed Pin From Net: NetName=NetD7_1 Pin=U?-45
Removed Pin From Net: NetName=NetD8_1 Pin=U?-46
Removed Pin From Net: NetName=GND Pin=U?-47
Removed Pin From Net: NetName=+5 Pin=U?-48
Removed Member From Class: ClassName=Sheet1 Member=U?
Added Component: Designator=U(QFP50P1200X1200X160-64N)
Add component (AddParameter): Name = "Availability"; Value = "In Stock"; VariantName = "[No Variations]"
Add component (AddParameter): Name = "Check_prices"; Value = "https://www.snapeda.com/parts/STM32F103RCT6/STMicroelectronics/view-part/?ref=eda"; VariantName = "[No Variations]"
Add component (AddParameter): Name = "MF"; Value = "STMicroelectronics"; VariantName = "[No Variations]"
Add component (AddParameter): Name = "MP"; Value = "STM32F103RCT6"; VariantName = "[No Variations]"
Add component (AddParameter): Name = "Package"; Value = "LQFP-64 STMicroelectronics"; VariantName = "[No Variations]"
Add component (AddParameter): Name = "Price"; Value = "None"; VariantName = "[No Variations]"
Add component (AddParameter): Name = "Purchase-URL"; Value = "https://pricing.snapeda.com/search/part/STM32F103RCT6/?ref=eda"; VariantName = "[No Variations]"
Add component (AddParameter): Name = "SnapEDA_Link"; Value = "https://www.snapeda.com/parts/STM32F103RCT6/STMicroelectronics/view-part/?ref=snap"; VariantName = "[No Variations]"
Add component (AddParameter): Name = "Value"; Value = ""; VariantName = "[No Variations]"
Added Pin To Net: NetName=GND Pin=U-12
Added Pin To Net: NetName=+5 Pin=U-13
Added Pin To Net: NetName=PA2 Pin=U-16
Added Pin To Net: NetName=PA3 Pin=U-17
Added Pin To Net: NetName=GND Pin=U-18
Added Pin To Net: NetName=+5 Pin=U-19
Added Pin To Net: NetName=PA4 Pin=U-20
Added Pin To Net: NetName=SDA Pin=U-29
Added Pin To Net: NetName=SCL Pin=U-30
Added Pin To Net: NetName=GND Pin=U-31
Added Pin To Net: NetName=+5 Pin=U-32
Added Pin To Net: NetName=echo Pin=U-41
Added Pin To Net: NetName=trig Pin=U-42
Added Pin To Net: NetName=USB-D- Pin=U-44
Added Pin To Net: NetName=USB-D+ Pin=U-45
Added Pin To Net: NetName=GND Pin=U-47
Added Pin To Net: NetName=+5 Pin=U-48
Added Pin To Net: NetName=NetD7_1 Pin=U-61
Added Pin To Net: NetName=NetD8_1 Pin=U-62
Added Pin To Net: NetName=GND Pin=U-63
Added Pin To Net: NetName=+5 Pin=U-64
Add Differential Pair: Number of nets in differential pair USB-D+ is 1 instead of 2
Added Member To Class: ClassName=Sheet1 Member=Component U STM32F103RCT6
