Removed Pin From Net: NetName=GND Pin=J1-4
Removed Pin From Net: NetName=GND Pin=J1-Shell
Removed Pin From Net: NetName=GND Pin=J1-Shell
Removed Pin From Net: NetName=GND Pin=J1-Shell
Removed Pin From Net: NetName=GND Pin=J1-Shell
Removed Pin From Net: NetName=VCC Pin=U1-13
Removed Pin From Net: NetName=GND Pin=U1-18
Removed Pin From Net: NetName=NetR9_2 Pin=U1-23
Removed Pin From Net: NetName=NetR10_2 Pin=U1-24
Removed Pin From Net: NetName=GND Pin=U?-8
Removed Pin From Net: NetName=SCL Pin=U?-21
Removed Pin From Net: NetName=SDA Pin=U?-22
Removed Pin From Net: NetName=GND Pin=U?-23
Removed Pin From Net: NetName=echo Pin=U?-29
Removed Pin From Net: NetName=trig Pin=U?-30
Removed Pin From Net: NetName=GND Pin=U?-35
Removed Pin From Net: NetName=NetD7_1 Pin=U?-45
Removed Pin From Net: NetName=NetD8_1 Pin=U?-46
Removed Pin From Net: NetName=GND Pin=U?-47
Removed Member From Class: ClassName=Sheet1 Member=J1
Removed Member From Class: ClassName=Sheet1 Member=U?
Change Component Footprint: Designator=U1 Old Footprint=QFN50P400X400X95-24N New Footprint=SEN0142
Change component parameters: Designator = "U1" ("U1"); Footprint = "QFN50P400X400X95-24N"; UniqueID = "\SGSMALMT" ("\SGSMALMT")
Change component parameters (AddParameter): Name = "Check_prices"; Value = "https://www.snapeda.com/parts/SEN0142/DFRobot/view-part/?ref=eda"; VariantName = "[No Variations]"
Change component parameters (AddParameter): Name = "MF"; Value = "DFRobot"; VariantName = "[No Variations]"
Change component parameters (AddParameter): Name = "MP"; Value = "SEN0142"; VariantName = "[No Variations]"
Change component parameters (AddParameter): Name = "Package"; Value = "None"; VariantName = "[No Variations]"
Change component parameters (AddParameter): Name = "SnapEDA_Link"; Value = "https://www.snapeda.com/parts/SEN0142/DFRobot/view-part/?ref=snap"; VariantName = "[No Variations]"
Change component parameters (AddParameter): Name = "Value"; Value = ""; VariantName = "[No Variations]"
Added Component: Designator=U(Stm32 BluePill)
Added Pin To Net: NetName=VCC Pin=U1-1
Added Pin To Net: NetName=GND Pin=U1-2
Added Pin To Net: NetName=NetR9_2 Pin=U1-3
Added Pin To Net: NetName=NetR10_2 Pin=U1-4
Added Pin To Net: NetName=echo Pin=U-5
Added Pin To Net: NetName=trig Pin=U-6
Added Pin To Net: NetName=VCC Pin=U-18
Added Pin To Net: NetName=GND Pin=U-19
Added Pin To Net: NetName=SCL Pin=U-25
Added Pin To Net: NetName=SDA Pin=U-26
Added Pin To Net: NetName=NetD8_1 Pin=U-27
Added Pin To Net: NetName=NetD7_1 Pin=U-28
Added Pin To Net: NetName=PB3 Pin=R4-2
Added Pin To Net: NetName=PB3 Pin=U-11
Added Net: Name=PB3
Added Pin To Net: NetName=PB4 Pin=R5-2
Added Pin To Net: NetName=PB4 Pin=U-12
Added Net: Name=PB4
Added Pin To Net: NetName=PB5 Pin=R6-2
Added Pin To Net: NetName=PB5 Pin=U-13
Added Net: Name=PB5
Added Member To Class: ClassName=Sheet1 Member=Component U STM32F103C8T6
