Add Pin To Net: Unknown Pin: Pin C1-1
Add Pin To Net: Unknown Pin: Pin C1-2
Add Pin To Net: Unknown Pin: Pin C2-1
Add Pin To Net: Unknown Pin: Pin C2-2
Add Pin To Net: Unknown Pin: Pin C3-1
Add Pin To Net: Unknown Pin: Pin C3-2
Add Pin To Net: Unknown Pin: Pin C4-1
Add Pin To Net: Unknown Pin: Pin C4-2
Add Pin To Net: Unknown Pin: Pin C5-1
Add Pin To Net: Unknown Pin: Pin C5-2
Add Pin To Net: Unknown Pin: Pin D1-1
Add Pin To Net: Unknown Pin: Pin D1-2
Add Pin To Net: Unknown Pin: Pin D4-1
Add Pin To Net: Unknown Pin: Pin D4-2
Add Pin To Net: Unknown Pin: Pin D5-1
Add Pin To Net: Unknown Pin: Pin D5-2
Add Pin To Net: Unknown Pin: Pin D6-1
Add Pin To Net: Unknown Pin: Pin D6-2
Add Pin To Net: Unknown Pin: Pin R1-1
Add Pin To Net: Unknown Pin: Pin R1-2
Add Pin To Net: Unknown Pin: Pin R2-1
Add Pin To Net: Unknown Pin: Pin R2-2
Add Pin To Net: Unknown Pin: Pin R3-1
Add Pin To Net: Unknown Pin: Pin R3-2
Add Pin To Net: Unknown Pin: Pin R4-1
Add Pin To Net: Unknown Pin: Pin R4-2
Add Pin To Net: Unknown Pin: Pin R5-1
Add Pin To Net: Unknown Pin: Pin R5-2
Add Pin To Net: Unknown Pin: Pin R6-1
Add Pin To Net: Unknown Pin: Pin R6-2
Add Pin To Net: Unknown Pin: Pin R7-1
Add Pin To Net: Unknown Pin: Pin R7-2
Add Pin To Net: Unknown Pin: Pin R8-1
Add Pin To Net: Unknown Pin: Pin R8-2
Add Pin To Net: Unknown Pin: Pin R9-1
Add Pin To Net: Unknown Pin: Pin R9-2
Add Pin To Net: Unknown Pin: Pin R10-1
Add Pin To Net: Unknown Pin: Pin R10-2
Add Differential Pair: Number of nets in differential pair USB-D+ is 1 instead of 2
Add Differential Pair: Number of nets in differential pair USB-D- is 1 instead of 2
Add Class Member: Failed to add class member : Component C1 Capacitor
Add Class Member: Failed to add class member : Component C2 Capacitor
Add Class Member: Failed to add class member : Component C3 Capacitor
Add Class Member: Failed to add class member : Component C4 Capacitor
Add Class Member: Failed to add class member : Component C5 Capacitor
Add Class Member: Failed to add class member : Component D1 Light-Emitting Diode
Add Class Member: Failed to add class member : Component D4 Light-Emitting Diode
Add Class Member: Failed to add class member : Component D5 Light-Emitting Diode
Add Class Member: Failed to add class member : Component D6 Light-Emitting Diode
Add Class Member: Failed to add class member : Component R1 Resistor
Add Class Member: Failed to add class member : Component R2 Resistor
Add Class Member: Failed to add class member : Component R3 Resistor
Add Class Member: Failed to add class member : Component R4 Resistor
Add Class Member: Failed to add class member : Component R5 Resistor
Add Class Member: Failed to add class member : Component R6 Resistor
Add Class Member: Failed to add class member : Component R7 Resistor
Add Class Member: Failed to add class member : Component R8 Resistor
Add Class Member: Failed to add class member : Component R9 Resistor
Add Class Member: Failed to add class member : Component R10 Resistor
Added Member To Class: ClassName=Sheet1 Member=Component U1 STM32F103C8T6
