Added Component: Designator=C?(FP-CC0603-DA-MFG)
Add component (AddParameter): Name = "Automotive"; Value = "No"; VariantName = "[No Variations]"
Add component (AddParameter): Name = "Capacitance"; Value = "10 nF"; VariantName = "[No Variations]"
Add component (AddParameter): Name = "Category"; Value = "Cap"; VariantName = "[No Variations]"
Add component (AddParameter): Name = "ComponentLink2Description"; Value = "Datasheet"; VariantName = "[No Variations]"
Add component (AddParameter): Name = "ComponentLink2URL"; Value = "http://www.yageo.com/documents/recent/UPY-GPHC_X7R_6.3V-to-50V_18.pdf"; VariantName = "[No Variations]"
Add component (AddParameter): Name = "Device Class L1"; Value = "Passive Components"; VariantName = "[No Variations]"
Add component (AddParameter): Name = "Device Class L2"; Value = "Capacitors"; VariantName = "[No Variations]"
Add component (AddParameter): Name = "Device Class L3"; Value = "Ceramic Capacitors"; VariantName = "[No Variations]"
Add component (AddParameter): Name = "Digikey Description"; Value = "CAP CER 10000PF 50V X7R 0603"; VariantName = "[No Variations]"
Add component (AddParameter): Name = "Footprint Url"; Value = "http://www.yageo.com/exep/pages/download/literatures/UPY-C_GEN_24.pdf"; VariantName = "[No Variations]"
Add component (AddParameter): Name = "Height"; Value = "0.9mm"; VariantName = "[No Variations]"
Add component (AddParameter): Name = "Lead Free"; Value = "Yes"; VariantName = "[No Variations]"
Add component (AddParameter): Name = "Manufacturer"; Value = "YAGEO"; VariantName = "[No Variations]"
Add component (AddParameter): Name = "Manufacturer Part Number"; Value = "CC0603KRX7R9BB103"; VariantName = "[No Variations]"
Add component (AddParameter): Name = "Material"; Value = "Ceramic"; VariantName = "[No Variations]"
Add component (AddParameter): Name = "Mouser Description"; Value = "Multilayer Ceramic Capacitor, CC Series, 0.01 - F, - 10%, X7R, 50 V, 0603 [1608 Metric]"; VariantName = "[No Variations]"
Add component (AddParameter): Name = "Octopart"; Value = "https://octopart.com/cc0603krx7r9bb103-yageo-192938"; VariantName = "[No Variations]"
Add component (AddParameter): Name = "Package"; Value = "CC0603-DA"; VariantName = "[No Variations]"
Add component (AddParameter): Name = "RoHS"; Value = "TRUE"; VariantName = "[No Variations]"
Add component (AddParameter): Name = "Temperature"; Value = "-55°C to +125°C"; VariantName = "[No Variations]"
Add component (AddParameter): Name = "Temperature Characteristic"; Value = "X7R"; VariantName = "[No Variations]"
Add component (AddParameter): Name = "Temperature Coefficient"; Value = "15%"; VariantName = "[No Variations]"
Add component (AddParameter): Name = "Temperature Range High"; Value = "+125°C"; VariantName = "[No Variations]"
Add component (AddParameter): Name = "Temperature Range Low"; Value = "-55°C"; VariantName = "[No Variations]"
Add component (AddParameter): Name = "Tolerance"; Value = "0.1"; VariantName = "[No Variations]"
Add component (AddParameter): Name = "Value"; Value = "10 nF"; VariantName = "[No Variations]"
Add component (AddParameter): Name = "Voltage"; Value = "50 V"; VariantName = "[No Variations]"
Add component (AddParameter): Name = "Voltage Rating"; Value = "50 V"; VariantName = "[No Variations]"
Added Pin To Net: NetName=NetC1_2 Pin=C?-1
Added Pin To Net: NetName=NetC1_2 Pin=C?-2
Added Member To Class: ClassName=Sheet1 Member=Component C1 C1206C104K5RACTU
Added Member To Class: ClassName=Sheet1 Member=Component C2 C1206C104K5RACTU
Added Member To Class: ClassName=Sheet1 Member=Component C3 C1206C104K5RACTU
Added Member To Class: ClassName=Sheet1 Member=Component C4 C1206C104K5RACTU
Added Member To Class: ClassName=Sheet1 Member=Component C5 C1206C104K5RACTU
Added Member To Class: ClassName=Sheet1 Member=Component C6 C1206C104K5RACTU
Added Member To Class: ClassName=Sheet1 Member=Component C7 C1206C104K5RACTU
Added Member To Class: ClassName=Sheet1 Member=Component C8 C1206C104K5RACTU
Added Member To Class: ClassName=Sheet1 Member=Component C? CC0603KRX7R9BB103
Added Member To Class: ClassName=Sheet1 Member=Component D8 LTST-C190GKT
Added Member To Class: ClassName=Sheet1 Member=Component D8 TZMC10GS08
Added Member To Class: ClassName=Sheet1 Member=Component D9 SMBJ28A
Added Member To Class: ClassName=Sheet1 Member=Component D9 LTST-C190GKT
Added Member To Class: ClassName=Sheet1 Member=Component L1 744762418A
Added Member To Class: ClassName=Sheet1 Member=Component L2 744762418A
Added Member To Class: ClassName=Sheet1 Member=Component R7 CMA02040X1000GB300
Added Member To Class: ClassName=Sheet1 Member=Component R7 CMA02040X1000GB300
Added Member To Class: ClassName=Sheet1 Member=Component R8 CMA02040X1000GB300
Added Member To Class: ClassName=Sheet1 Member=Component R9 CMA02040X1000GB300
Added Member To Class: ClassName=Sheet1 Member=Component R10 CMA02040X1000GB300
Added Member To Class: ClassName=Sheet1 Member=Component R11 CMA02040X1000GB300
Added Member To Class: ClassName=Sheet1 Member=Component R12 CMA02040X1000GB300
